<?xml version="1.0" encoding="UTF-8"?>
<coverage generated="1627505245606" clover="3.2.0">
  <project timestamp="1627505245606" name="All files">
    <metrics statements="2" coveredstatements="1" conditionals="0" coveredconditionals="0" methods="1" coveredmethods="0" elements="3" coveredelements="1" complexity="0" loc="2" ncloc="2" packages="1" files="1" classes="1"/>
    <file name="multiply.js" path="/Users/drrecorda/WebstormProjects/1001katas/002Multiply/multiply.js">
      <metrics statements="2" coveredstatements="1" conditionals="0" coveredconditionals="0" methods="1" coveredmethods="0"/>
      <line num="2" count="0" type="stmt"/>
      <line num="4" count="1" type="stmt"/>
    </file>
  </project>
</coverage>
