{"/Users/drrecorda/WebstormProjects/1001katas/002Multiply/multiply.js": {"path":"/Users/drrecorda/WebstormProjects/1001katas/002Multiply/multiply.js","statementMap":{"0":{"start":{"line":2,"column":4},"end":{"line":2,"column":10}},"1":{"start":{"line":4,"column":0},"end":{"line":4,"column":26}}},"fnMap":{"0":{"name":"multiply","decl":{"start":{"line":1,"column":9},"end":{"line":1,"column":17}},"loc":{"start":{"line":1,"column":24},"end":{"line":3,"column":1}},"line":1}},"branchMap":{},"s":{"0":0,"1":1},"f":{"0":0},"b":{},"_coverageSchema":"1a1c01bbd47fc00a2c39e90264f33305004495a9","hash":"a3dd6cd3358f3b1ec79db22433e0f653a9dfdf23"}
}
